-outxml
-source
1.8
-target
1.8
-classpath
C:\Users\mustapha\.m2\repository\aopalliance\aopalliance\1.0\aopalliance-1.0.jar;C:\Users\mustapha\.m2\repository\com\fasterxml\jackson\core\jackson-annotations\2.5.0\jackson-annotations-2.5.0.jar;C:\Users\mustapha\.m2\repository\com\fasterxml\jackson\core\jackson-core\2.5.3\jackson-core-2.5.3.jar;C:\Users\mustapha\.m2\repository\com\fasterxml\jackson\core\jackson-databind\2.5.3\jackson-databind-2.5.3.jar;C:\Users\mustapha\.m2\repository\com\jayway\jsonpath\json-path\0.8.1\json-path-0.8.1.jar;C:\Users\mustapha\.m2\repository\com\rometools\rome\1.5.0\rome-1.5.0.jar;C:\Users\mustapha\.m2\repository\com\rometools\rome-utils\1.5.0\rome-utils-1.5.0.jar;C:\Users\mustapha\.m2\repository\commons-fileupload\commons-fileupload\1.2.2\commons-fileupload-1.2.2.jar;C:\Users\mustapha\.m2\repository\commons-io\commons-io\2.0.1\commons-io-2.0.1.jar;C:\Users\mustapha\.m2\repository\commons-logging\commons-logging\1.1.1\commons-logging-1.1.1.jar;C:\Users\mustapha\.m2\repository\javax\inject\javax.inject\1\javax.inject-1.jar;C:\Users\mustapha\.m2\repository\javax\servlet\jsp\jsp-api\2.1\jsp-api-2.1.jar;C:\Users\mustapha\.m2\repository\javax\servlet\jsp\jstl\jstl-api\1.2\jstl-api-1.2.jar;C:\Users\mustapha\.m2\repository\javax\validation\validation-api\1.0.0.GA\validation-api-1.0.0.GA.jar;C:\Users\mustapha\.m2\repository\joda-time\joda-time\2.3\joda-time-2.3.jar;C:\Users\mustapha\.m2\repository\junit\junit\4.11\junit-4.11.jar;C:\Users\mustapha\.m2\repository\log4j\log4j\1.2.16\log4j-1.2.16.jar;C:\Users\mustapha\.m2\repository\org\apache\commons\commons-lang3\3.0\commons-lang3-3.0.jar;C:\Users\mustapha\.m2\repository\org\apache\tomcat\tomcat-servlet-api\7.0.30\tomcat-servlet-api-7.0.30.jar;C:\Users\mustapha\.m2\repository\org\aspectj\aspectjrt\1.8.1\aspectjrt-1.8.1.jar;C:\Users\mustapha\.m2\repository\org\aspectj\aspectjweaver\1.6.1\aspectjweaver-1.6.1.jar;C:\Users\mustapha\.m2\repository\org\eclipse\persistence\javax.persistence\2.1.0\javax.persistence-2.1.0.jar;C:\Users\mustapha\.m2\repository\org\glassfish\web\jstl-impl\1.2\jstl-impl-1.2.jar;C:\Users\mustapha\.m2\repository\org\hamcrest\hamcrest-library\1.3\hamcrest-library-1.3.jar;C:\Users\mustapha\.m2\repository\org\hibernate\hibernate-validator\4.1.0.Final\hibernate-validator-4.1.0.Final.jar;C:\Users\mustapha\.m2\repository\org\jdom\jdom\2.0.2\jdom-2.0.2.jar;C:\Users\mustapha\.m2\repository\org\slf4j\jcl-over-slf4j\1.7.12\jcl-over-slf4j-1.7.12.jar;C:\Users\mustapha\.m2\repository\org\slf4j\slf4j-api\1.7.12\slf4j-api-1.7.12.jar;C:\Users\mustapha\.m2\repository\org\slf4j\slf4j-log4j12\1.7.12\slf4j-log4j12-1.7.12.jar;C:\Users\mustapha\.m2\repository\org\springframework\spring-aop\2.5.6\spring-aop-2.5.6.jar;C:\Users\mustapha\.m2\repository\org\springframework\spring-aspects\2.5.6\spring-aspects-2.5.6.jar;C:\Users\mustapha\.m2\repository\org\springframework\spring-beans\4.2.2.RELEASE\spring-beans-4.2.2.RELEASE.jar;C:\Users\mustapha\.m2\repository\org\springframework\spring-context\4.2.2.RELEASE\spring-context-4.2.2.RELEASE.jar;C:\Users\mustapha\.m2\repository\org\springframework\spring-core\4.2.2.RELEASE\spring-core-4.2.2.RELEASE.jar;C:\Users\mustapha\.m2\repository\org\springframework\spring-expression\4.2.2.RELEASE\spring-expression-4.2.2.RELEASE.jar;C:\Users\mustapha\.m2\repository\org\springframework\spring-jdbc\2.5.6\spring-jdbc-2.5.6.jar;C:\Users\mustapha\.m2\repository\org\springframework\spring-orm\2.5.6\spring-orm-2.5.6.jar;C:\Users\mustapha\.m2\repository\org\springframework\spring-test\4.2.2.RELEASE\spring-test-4.2.2.RELEASE.jar;C:\Users\mustapha\.m2\repository\org\springframework\spring-tx\3.0.5.RELEASE\spring-tx-3.0.5.RELEASE.jar;C:\Users\mustapha\.m2\repository\org\springframework\spring-web\4.2.2.RELEASE\spring-web-4.2.2.RELEASE.jar;C:\Users\mustapha\.m2\repository\org\springframework\spring-webmvc\4.2.2.RELEASE\spring-webmvc-4.2.2.RELEASE.jar;C:\Users\mustapha\.m2\repository\org\springframework\security\spring-security-core\4.0.1.RELEASE\spring-security-core-4.0.1.RELEASE.jar;C:\Users\mustapha\.m2\repository\org\springframework\security\spring-security-web\4.0.1.RELEASE\spring-security-web-4.0.1.RELEASE.jar;C:\Users\mustapha\.m2\repository\xmlunit\xmlunit\1.2\xmlunit-1.2.jar;C:\JEE\workspaceV2\GestionDeStockMVC\target\classes
-d
C:\JEE\workspaceV2\GestionDeStockMVC\target\classes
C:\JEE\workspaceV2\GestionDeStockMVC\src\main\java\com\stock\mvc\controllers\FournisseurController.java
C:\JEE\workspaceV2\GestionDeStockMVC\src\main\java\com\stock\mvc\services\impl\MvtStkServiceImpl.java
C:\JEE\workspaceV2\GestionDeStockMVC\src\main\java\com\stock\mvc\dao\IFlickrDao.java
C:\JEE\workspaceV2\GestionDeStockMVC\src\main\java\com\stock\mvc\services\impl\CommandeClientServiceImpl.java
C:\JEE\workspaceV2\GestionDeStockMVC\src\main\java\com\stock\mvc\entites\Category.java
C:\JEE\workspaceV2\GestionDeStockMVC\src\main\java\com\stock\mvc\entites\MvtStk.java
C:\JEE\workspaceV2\GestionDeStockMVC\src\main\java\com\stock\mvc\services\impl\FlickrServiceImpl.java
C:\JEE\workspaceV2\GestionDeStockMVC\src\main\java\com\stock\mvc\services\impl\VenteServiceImpl.java
C:\JEE\workspaceV2\GestionDeStockMVC\src\main\java\com\stock\mvc\entites\LigneVente.java
C:\JEE\workspaceV2\GestionDeStockMVC\src\main\java\com\stock\mvc\dao\IArticleDao.java
C:\JEE\workspaceV2\GestionDeStockMVC\src\main\java\com\stock\mvc\dao\impl\ArticleDaoImpl.java
C:\JEE\workspaceV2\GestionDeStockMVC\src\main\java\com\stock\mvc\dao\impl\LigneCommandeFournisseurDaoImpl.java
C:\JEE\workspaceV2\GestionDeStockMVC\src\main\java\com\stock\mvc\entites\Client.java
C:\JEE\workspaceV2\GestionDeStockMVC\src\main\java\com\stock\mvc\controllers\ChangeLocaleController.java
C:\JEE\workspaceV2\GestionDeStockMVC\src\main\java\com\stock\mvc\dao\impl\LigneCommandeClientDaoImpl.java
C:\JEE\workspaceV2\GestionDeStockMVC\src\main\java\com\stock\mvc\dao\impl\CategoryDaoImpl.java
C:\JEE\workspaceV2\GestionDeStockMVC\src\main\java\com\stock\mvc\dao\IGenericDao.java
C:\JEE\workspaceV2\GestionDeStockMVC\src\main\java\com\stock\mvc\controllers\CategoryController.java
C:\JEE\workspaceV2\GestionDeStockMVC\src\main\java\com\stock\mvc\services\ICommandeFournisseurService.java
C:\JEE\workspaceV2\GestionDeStockMVC\src\main\java\com\stock\mvc\dao\ILigneCommandeClientDao.java
C:\JEE\workspaceV2\GestionDeStockMVC\src\main\java\com\stock\mvc\dao\ICommandeFournisseurDao.java
C:\JEE\workspaceV2\GestionDeStockMVC\src\main\java\com\stock\mvc\services\ICommandeClientService.java
C:\JEE\workspaceV2\GestionDeStockMVC\src\main\java\com\stock\mvc\dao\ILigneCommandeFournisseurDao.java
C:\JEE\workspaceV2\GestionDeStockMVC\src\main\java\com\stock\mvc\dao\IVenteDao.java
C:\JEE\workspaceV2\GestionDeStockMVC\src\main\java\com\stock\mvc\dao\IUtilisateurDao.java
C:\JEE\workspaceV2\GestionDeStockMVC\src\main\java\com\stock\mvc\services\IClientService.java
C:\JEE\workspaceV2\GestionDeStockMVC\src\main\java\com\stock\mvc\dao\impl\FournisseurDaoImpl.java
C:\JEE\workspaceV2\GestionDeStockMVC\src\main\java\com\stock\mvc\dao\impl\UtilisateurDaoImpl.java
C:\JEE\workspaceV2\GestionDeStockMVC\src\main\java\com\stock\mvc\dao\impl\ClientDaoImpl.java
C:\JEE\workspaceV2\GestionDeStockMVC\src\main\java\com\stock\mvc\dao\impl\VenteDaoImpl.java
C:\JEE\workspaceV2\GestionDeStockMVC\src\main\java\com\stock\mvc\entites\CommandeFournisseur.java
C:\JEE\workspaceV2\GestionDeStockMVC\src\main\java\com\stock\mvc\dao\IFournisseurDao.java
C:\JEE\workspaceV2\GestionDeStockMVC\src\main\java\com\stock\mvc\services\ILigneCommandeClientService.java
C:\JEE\workspaceV2\GestionDeStockMVC\src\main\java\com\stock\mvc\entites\LigneCommandeFournisseur.java
C:\JEE\workspaceV2\GestionDeStockMVC\src\main\java\com\stock\mvc\dao\impl\GenericDaoImpl.java
C:\JEE\workspaceV2\GestionDeStockMVC\src\main\java\com\stock\mvc\services\IFlickrService.java
C:\JEE\workspaceV2\GestionDeStockMVC\src\main\java\com\stock\mvc\services\impl\LigneCommandeClientServiceImpl.java
C:\JEE\workspaceV2\GestionDeStockMVC\src\main\java\com\stock\mvc\entites\Fournisseur.java
C:\JEE\workspaceV2\GestionDeStockMVC\src\main\java\com\stock\mvc\controllers\ClientController.java
C:\JEE\workspaceV2\GestionDeStockMVC\src\main\java\com\stock\mvc\services\ILigneVenteService.java
C:\JEE\workspaceV2\GestionDeStockMVC\src\main\java\com\stock\mvc\entites\Article.java
C:\JEE\workspaceV2\GestionDeStockMVC\src\main\java\com\stock\mvc\dao\ICategoryDao.java
C:\JEE\workspaceV2\GestionDeStockMVC\src\main\java\com\stock\mvc\services\IArticleService.java
C:\JEE\workspaceV2\GestionDeStockMVC\src\main\java\com\stock\mvc\controllers\ArticleController.java
C:\JEE\workspaceV2\GestionDeStockMVC\src\main\java\com\stock\mvc\services\impl\FournisseurServiceImpl.java
C:\JEE\workspaceV2\GestionDeStockMVC\src\main\java\com\stock\mvc\controllers\HomeController.java
C:\JEE\workspaceV2\GestionDeStockMVC\src\main\java\com\stock\mvc\utils\ApplicationUtils.java
C:\JEE\workspaceV2\GestionDeStockMVC\src\main\java\com\stock\mvc\entites\Utilisateur.java
C:\JEE\workspaceV2\GestionDeStockMVC\src\main\java\com\stock\mvc\dao\ICommandeClientDao.java
C:\JEE\workspaceV2\GestionDeStockMVC\src\main\java\com\stock\mvc\services\impl\ClientServiceImpl.java
C:\JEE\workspaceV2\GestionDeStockMVC\src\main\java\com\stock\mvc\services\ICategoryService.java
C:\JEE\workspaceV2\GestionDeStockMVC\src\main\java\com\stock\mvc\services\IVenteService.java
C:\JEE\workspaceV2\GestionDeStockMVC\src\main\java\com\stock\mvc\services\impl\UtilisateurServiceImpl.java
C:\JEE\workspaceV2\GestionDeStockMVC\src\main\java\com\stock\mvc\services\impl\LigneCommandeFournisseurServiceImpl.java
C:\JEE\workspaceV2\GestionDeStockMVC\src\main\java\com\stock\mvc\LoginController.java
C:\JEE\workspaceV2\GestionDeStockMVC\src\main\java\com\stock\mvc\services\impl\CommandeFournisseurServiceImpl.java
C:\JEE\workspaceV2\GestionDeStockMVC\src\main\java\com\stock\mvc\services\impl\CategoryServiceImpl.java
C:\JEE\workspaceV2\GestionDeStockMVC\src\main\java\com\stock\mvc\entites\Vente.java
C:\JEE\workspaceV2\GestionDeStockMVC\src\main\java\com\stock\mvc\dao\ILigneVenteDao.java
C:\JEE\workspaceV2\GestionDeStockMVC\src\main\java\com\stock\mvc\dao\impl\LigneVenteDaoImpl.java
C:\JEE\workspaceV2\GestionDeStockMVC\src\main\java\com\stock\mvc\services\impl\ArticleServiceImpl.java
C:\JEE\workspaceV2\GestionDeStockMVC\src\main\java\com\stock\mvc\services\ILigneCommandeFournisseurService.java
C:\JEE\workspaceV2\GestionDeStockMVC\src\main\java\com\stock\mvc\dao\impl\CommandeClientDaoImpl.java
C:\JEE\workspaceV2\GestionDeStockMVC\src\main\java\com\stock\mvc\services\impl\LigneVenteServiceImpl.java
C:\JEE\workspaceV2\GestionDeStockMVC\src\main\java\com\stock\mvc\dao\impl\MvtStkDaoImpl.java
C:\JEE\workspaceV2\GestionDeStockMVC\src\main\java\com\stock\mvc\services\IMvtStkService.java
C:\JEE\workspaceV2\GestionDeStockMVC\src\main\java\com\stock\mvc\dao\IClientDao.java
C:\JEE\workspaceV2\GestionDeStockMVC\src\main\java\com\stock\mvc\services\IUtilisateurService.java
C:\JEE\workspaceV2\GestionDeStockMVC\src\main\java\com\stock\mvc\entites\CommandeClient.java
C:\JEE\workspaceV2\GestionDeStockMVC\src\main\java\com\stock\mvc\entites\LigneCommandeClient.java
C:\JEE\workspaceV2\GestionDeStockMVC\src\main\java\com\stock\mvc\dao\impl\CommandeFournisseurDaoImpl.java
C:\JEE\workspaceV2\GestionDeStockMVC\src\main\java\com\stock\mvc\dao\IMvtStkDao.java
C:\JEE\workspaceV2\GestionDeStockMVC\src\main\java\com\stock\mvc\services\IFournisseurService.java
